<?xml version="1.0" encoding="UTF-8"?>
<testsuite name="HammingTest" tests="15" skipped="1" failures="0" errors="0" timestamp="2018-08-09T12:04:43" hostname="Coreys-MacBook-Pro.local" time="0.024">
  <properties/>
  <testcase name="testNonUniqueCharacterInFirstStrand" classname="HammingTest" time="0.003"/>
  <testcase name="testSameNucleotidesInDifferentPositions" classname="HammingTest" time="0.0">
    <skipped/>
  </testcase>
  <testcase name="testCompleteDistanceInSingleNucleotideStrand" classname="HammingTest" time="0.0"/>
  <testcase name="testNoDistanceBetweenEmptyStrands" classname="HammingTest" time="0.0"/>
  <testcase name="testNoDistanceBetweenShortIdenticalStrands" classname="HammingTest" time="0.0"/>
  <testcase name="testSmallDistanceInSmallStrand" classname="HammingTest" time="0.0"/>
  <testcase name="testNoDistanceBetweenLongIdenticalStrands" classname="HammingTest" time="0.0"/>
  <testcase name="testNonUniqueCharacterInSecondStrand" classname="HammingTest" time="0.001"/>
  <testcase name="testSmallDistanceInMediumStrand" classname="HammingTest" time="0.0"/>
  <testcase name="testLargeDistanceInOffByOneStrand" classname="HammingTest" time="0.001"/>
  <testcase name="testLargeDistanceInPermutedStrand" classname="HammingTest" time="0.0"/>
  <testcase name="testValidatesFirstStrandNotLonger" classname="HammingTest" time="0.013"/>
  <testcase name="testSmallDistanceInLongStrand" classname="HammingTest" time="0.001"/>
  <testcase name="testValidatesSecondStrandNotLonger" classname="HammingTest" time="0.0"/>
  <testcase name="testCompleteDistanceInSmallStrand" classname="HammingTest" time="0.0"/>
  <system-out><![CDATA[]]></system-out>
  <system-err><![CDATA[]]></system-err>
</testsuite>
